<?xml version="1.0" encoding="UTF-8"?>
<testng-results ignored="0" total="1" passed="1" failed="0" skipped="0">
  <reporter-output>
  </reporter-output>
  <suite started-at="2022-07-07T17:21:28 GMT+01:00" name="Default suite" finished-at="2022-07-07T17:23:06 GMT+01:00" duration-ms="97738">
    <groups>
    </groups>
    <test started-at="2022-07-07T17:21:28 GMT+01:00" name="Default test" finished-at="2022-07-07T17:23:06 GMT+01:00" duration-ms="97738">
      <class name="Appium.Android">
        <test-method signature="OpenApp()[pri:0, instance:Appium.Android@60f00693]" started-at="2022-07-07T17:21:28 GMT+01:00" name="OpenApp" finished-at="2022-07-07T17:23:06 GMT+01:00" duration-ms="97688" status="PASS">
          <reporter-output>
          </reporter-output>
        </test-method> <!-- OpenApp -->
      </class> <!-- Appium.Android -->
    </test> <!-- Default test -->
  </suite> <!-- Default suite -->
</testng-results>
